<?xml version="1.0" encoding="UTF-8"?>
<!-- Generated by org.testng.reporters.JUnitReportReporter -->
<testsuite hostname="DESKTOP-GCBKI80" failures="0" tests="1" name="guru99.Banking.Test.NewaccTest" time="10.678" errors="0" timestamp="2024-04-25T17:06:46 IST" skipped="0">
  <testcase classname="guru99.Banking.Test.NewaccTest" name="case4" time="10.678"/>
</testsuite> <!-- guru99.Banking.Test.NewaccTest -->
