<?xml version="1.0" encoding="UTF-8"?>
<!-- Generated by org.testng.reporters.JUnitReportReporter -->
<testsuite hostname="DESKTOP-GCBKI80" failures="0" tests="1" name="guru99.Banking.Test.NewCustomerTest" time="7.276" errors="0" timestamp="2024-04-24T19:27:19 IST" skipped="0">
  <testcase classname="guru99.Banking.Test.NewCustomerTest" name="case2" time="7.276"/>
</testsuite> <!-- guru99.Banking.Test.NewCustomerTest -->
